<?xml version="1.0" encoding="UTF-8"?>
<!-- Generated by org.testng.reporters.JUnitReportReporter -->
<testsuite skipped="0" hostname="SHALINI" name="com.datapro.Test1" tests="1" failures="0" timestamp="10 Jun 2018 21:49:26 GMT" time="0.042" errors="0">
  <testcase name="m1" time="0.042" classname="com.datapro.Test1"/>
</testsuite> <!-- com.datapro.Test1 -->
